TN:
SF:controllers/auth.js
FN:5,Object.<anonymous>.exports.join
FN:34,localCallback
FN:51,Object.<anonymous>.exports.login
FN:55,Object.<anonymous>.exports.logout
FNF:4
FNH:4
FNDA:6,Object.<anonymous>.exports.join
FNDA:5,localCallback
FNDA:1,Object.<anonymous>.exports.login
FNDA:1,Object.<anonymous>.exports.logout
DA:1,1
DA:2,1
DA:3,1
DA:4,1
DA:5,1
DA:6,6
DA:7,6
DA:8,1
DA:9,1
DA:10,6
DA:11,1
DA:12,1
DA:13,6
DA:14,1
DA:15,1
DA:16,3
DA:17,3
DA:18,6
DA:19,1
DA:20,1
DA:21,1
DA:22,1
DA:23,1
DA:24,1
DA:25,1
DA:26,1
DA:27,1
DA:28,1
DA:29,1
DA:30,1
DA:31,1
DA:32,6
DA:33,1
DA:34,1
DA:35,4
DA:36,1
DA:37,1
DA:38,1
DA:39,4
DA:40,1
DA:41,1
DA:42,2
DA:43,2
DA:44,1
DA:45,1
DA:46,1
DA:47,1
DA:48,2
DA:49,2
DA:50,1
DA:51,1
DA:52,1
DA:53,1
DA:54,1
DA:55,1
DA:56,1
DA:57,1
DA:58,1
DA:59,1
LF:59
LH:59
BRDA:5,0,0,6
BRDA:7,1,0,1
BRDA:9,2,0,5
BRDA:10,3,0,1
BRDA:12,4,0,4
BRDA:13,5,0,1
BRDA:15,6,0,3
BRDA:17,7,0,2
BRDA:18,8,0,1
BRDA:34,9,0,5
BRDA:34,10,0,4
BRDA:35,11,0,1
BRDA:38,12,0,3
BRDA:39,13,0,1
BRDA:41,14,0,2
BRDA:42,15,0,2
BRDA:43,16,0,1
BRDA:51,17,0,1
BRDA:55,18,0,1
BRDA:56,19,0,1
BRF:20
BRH:20
end_of_record
TN:
SF:controllers/page.js
FN:3,Object.<anonymous>.exports.renderProfile
FN:7,Object.<anonymous>.exports.renderJoin
FN:11,Object.<anonymous>.exports.renderMain
FN:30,Object.<anonymous>.exports.renderHashtag
FNF:4
FNH:4
FNDA:1,Object.<anonymous>.exports.renderProfile
FNDA:1,Object.<anonymous>.exports.renderJoin
FNDA:2,Object.<anonymous>.exports.renderMain
FNDA:4,Object.<anonymous>.exports.renderHashtag
DA:1,1
DA:2,1
DA:3,1
DA:4,1
DA:5,1
DA:6,1
DA:7,1
DA:8,1
DA:9,1
DA:10,1
DA:11,1
DA:12,2
DA:13,2
DA:14,2
DA:15,2
DA:16,2
DA:17,2
DA:18,2
DA:19,2
DA:20,1
DA:21,1
DA:22,1
DA:23,1
DA:24,1
DA:25,1
DA:26,1
DA:27,1
DA:28,2
DA:29,1
DA:30,1
DA:31,4
DA:32,4
DA:33,1
DA:34,1
DA:35,3
DA:36,3
DA:37,2
DA:38,4
DA:39,1
DA:40,1
DA:41,2
DA:42,2
DA:43,2
DA:44,2
DA:45,2
DA:46,4
DA:47,1
DA:48,1
DA:49,1
DA:50,4
LF:50
LH:50
BRDA:3,0,0,1
BRDA:7,1,0,1
BRDA:11,2,0,2
BRDA:19,3,0,1
BRDA:30,4,0,4
BRDA:32,5,0,1
BRDA:34,6,0,3
BRDA:36,7,0,2
BRDA:38,8,0,1
BRDA:40,9,0,2
BRDA:46,10,0,1
BRF:11
BRH:11
end_of_record
TN:
SF:controllers/post.js
FN:3,Object.<anonymous>.exports.afterUploadImage
FN:8,Object.<anonymous>.exports.uploadPost
FNF:2
FNH:2
FNDA:1,Object.<anonymous>.exports.afterUploadImage
FNDA:3,Object.<anonymous>.exports.uploadPost
DA:1,1
DA:2,1
DA:3,1
DA:4,1
DA:5,1
DA:6,1
DA:7,1
DA:8,1
DA:9,3
DA:10,3
DA:11,3
DA:12,3
DA:13,3
DA:14,3
DA:15,2
DA:16,3
DA:17,1
DA:18,1
DA:19,3
DA:20,3
DA:21,3
DA:22,1
DA:23,1
DA:24,1
DA:25,1
DA:26,2
DA:27,3
DA:28,1
DA:29,1
DA:30,1
DA:31,3
LF:31
LH:31
BRDA:3,0,0,1
BRDA:8,1,0,3
BRDA:14,2,0,2
BRDA:16,3,0,1
BRDA:25,4,0,2
BRDA:27,5,0,1
BRDA:18,6,0,3
BRDA:24,7,0,3
BRF:8
BRH:8
end_of_record
TN:
SF:controllers/user.js
FN:3,Object.<anonymous>.exports.follow
FNF:1
FNH:1
FNDA:3,Object.<anonymous>.exports.follow
DA:1,1
DA:2,1
DA:3,1
DA:4,3
DA:5,3
DA:6,3
DA:7,1
DA:8,1
DA:9,1
DA:10,1
DA:11,1
DA:12,3
DA:13,1
DA:14,1
DA:15,1
DA:16,3
LF:16
LH:16
BRDA:3,0,0,3
BRDA:5,1,0,2
BRDA:6,2,0,1
BRDA:12,3,0,1
BRF:4
BRH:4
end_of_record
TN:
SF:middlewares/index.js
FN:2,Object.<anonymous>.exports.isLoggedIn
FN:10,Object.<anonymous>.exports.isNotLoggedIn
FNF:2
FNH:2
FNDA:2,Object.<anonymous>.exports.isLoggedIn
FNDA:2,Object.<anonymous>.exports.isNotLoggedIn
DA:1,1
DA:2,1
DA:3,2
DA:4,1
DA:5,1
DA:6,1
DA:7,1
DA:8,2
DA:9,1
DA:10,1
DA:11,2
DA:12,1
DA:13,1
DA:14,1
DA:15,1
DA:16,1
DA:17,2
LF:17
LH:17
BRDA:2,0,0,2
BRDA:3,1,0,1
BRDA:10,2,0,2
BRDA:11,3,0,1
BRF:4
BRH:4
end_of_record
TN:
SF:models/hashtag.js
FN:4,initiate
FN:23,associate
FNF:2
FNH:2
FNDA:1,initiate
FNDA:1,associate
DA:1,1
DA:2,1
DA:3,1
DA:4,1
DA:5,1
DA:6,1
DA:7,1
DA:8,1
DA:9,1
DA:10,1
DA:11,1
DA:12,1
DA:13,1
DA:14,1
DA:15,1
DA:16,1
DA:17,1
DA:18,1
DA:19,1
DA:20,1
DA:21,1
DA:22,1
DA:23,1
DA:24,1
DA:25,1
DA:26,1
DA:27,1
DA:28,1
LF:28
LH:28
BRDA:4,0,0,1
BRDA:23,1,0,1
BRF:2
BRH:2
end_of_record
TN:
SF:models/index.js
FNF:0
FNH:0
DA:1,1
DA:2,1
DA:3,1
DA:4,1
DA:5,1
DA:6,1
DA:7,1
DA:8,1
DA:9,1
DA:10,1
DA:11,1
DA:12,1
DA:13,1
DA:14,1
DA:15,1
DA:16,1
DA:17,1
DA:18,4
DA:19,4
DA:20,1
DA:21,3
DA:22,3
DA:23,3
DA:24,3
DA:25,1
DA:26,1
DA:27,1
DA:28,4
DA:29,3
DA:30,3
DA:31,1
DA:32,1
DA:33,1
LF:33
LH:33
BRDA:4,0,0,0
BRDA:17,1,0,4
BRDA:18,2,0,3
BRDA:20,3,0,3
BRDA:27,4,0,4
BRDA:28,5,0,3
BRF:6
BRH:5
end_of_record
TN:
SF:models/post.js
FN:4,initiate
FN:26,associate
FNF:2
FNH:2
FNDA:1,initiate
FNDA:1,associate
DA:1,1
DA:2,1
DA:3,1
DA:4,1
DA:5,1
DA:6,1
DA:7,1
DA:8,1
DA:9,1
DA:10,1
DA:11,1
DA:12,1
DA:13,1
DA:14,1
DA:15,1
DA:16,1
DA:17,1
DA:18,1
DA:19,1
DA:20,1
DA:21,1
DA:22,1
DA:23,1
DA:24,1
DA:25,1
DA:26,1
DA:27,1
DA:28,1
DA:29,1
DA:30,1
DA:31,1
DA:32,1
LF:32
LH:32
BRDA:4,0,0,1
BRDA:26,1,0,1
BRF:2
BRH:2
end_of_record
TN:
SF:models/user.js
FN:4,initiate
FN:43,associate
FNF:2
FNH:2
FNDA:1,initiate
FNDA:1,associate
DA:1,1
DA:2,1
DA:3,1
DA:4,1
DA:5,1
DA:6,1
DA:7,1
DA:8,1
DA:9,1
DA:10,1
DA:11,1
DA:12,1
DA:13,1
DA:14,1
DA:15,1
DA:16,1
DA:17,1
DA:18,1
DA:19,1
DA:20,1
DA:21,1
DA:22,1
DA:23,1
DA:24,1
DA:25,1
DA:26,1
DA:27,1
DA:28,1
DA:29,1
DA:30,1
DA:31,1
DA:32,1
DA:33,1
DA:34,1
DA:35,1
DA:36,1
DA:37,1
DA:38,1
DA:39,1
DA:40,1
DA:41,1
DA:42,1
DA:43,1
DA:44,1
DA:45,1
DA:46,1
DA:47,1
DA:48,1
DA:49,1
DA:50,1
DA:51,1
DA:52,1
DA:53,1
DA:54,1
DA:55,1
DA:56,1
DA:57,1
DA:58,1
LF:58
LH:58
BRDA:4,0,0,1
BRDA:43,1,0,1
BRF:2
BRH:2
end_of_record
